<?xml version="1.0" encoding="UTF-8"?>
<testng-results ignored="0" total="1" passed="1" failed="0" skipped="0">
  <reporter-output>
  </reporter-output>
  <suite started-at="2023-02-26T05:38:51 BDT" name="Default suite" finished-at="2023-02-26T05:39:33 BDT" duration-ms="41872">
    <groups>
    </groups>
    <test started-at="2023-02-26T05:38:51 BDT" name="Default test" finished-at="2023-02-26T05:39:33 BDT" duration-ms="41872">
      <class name="testcases.FullTest">
        <test-method is-config="true" signature="setBrowser()[pri:0, instance:testcases.FullTest@265adfad]" started-at="2023-02-26T05:38:48 BDT" name="setBrowser" finished-at="2023-02-26T05:38:51 BDT" duration-ms="3053" status="PASS">
          <reporter-output>
          </reporter-output>
        </test-method> <!-- setBrowser -->
        <test-method signature="automate()[pri:0, instance:testcases.FullTest@265adfad]" started-at="2023-02-26T05:38:51 BDT" name="automate" finished-at="2023-02-26T05:39:33 BDT" duration-ms="41757" status="PASS">
          <reporter-output>
          </reporter-output>
        </test-method> <!-- automate -->
        <test-method is-config="true" signature="getBrowser()[pri:0, instance:testcases.FullTest@265adfad]" started-at="2023-02-26T05:39:33 BDT" name="getBrowser" finished-at="2023-02-26T05:39:34 BDT" duration-ms="187" status="PASS">
          <reporter-output>
          </reporter-output>
        </test-method> <!-- getBrowser -->
      </class> <!-- testcases.FullTest -->
    </test> <!-- Default test -->
  </suite> <!-- Default suite -->
</testng-results>
