<?xml version="1.0" encoding="UTF-8"?>
<testng-results ignored="0" total="1" passed="1" failed="0" skipped="0">
  <reporter-output>
  </reporter-output>
  <suite started-at="2023-03-02T16:28:13 BDT" name="Default suite" finished-at="2023-03-02T16:28:31 BDT" duration-ms="18500">
    <groups>
    </groups>
    <test started-at="2023-03-02T16:28:13 BDT" name="Default test" finished-at="2023-03-02T16:28:31 BDT" duration-ms="18500">
      <class name="testcases.FullTest">
        <test-method is-config="true" signature="setBrowser()[pri:0, instance:testcases.FullTest@a3d9978]" started-at="2023-03-02T16:28:11 BDT" name="setBrowser" finished-at="2023-03-02T16:28:13 BDT" duration-ms="2206" status="PASS">
          <reporter-output>
          </reporter-output>
        </test-method> <!-- setBrowser -->
        <test-method signature="automate()[pri:0, instance:testcases.FullTest@a3d9978]" started-at="2023-03-02T16:28:13 BDT" name="automate" finished-at="2023-03-02T16:28:31 BDT" duration-ms="18338" status="PASS">
          <reporter-output>
          </reporter-output>
        </test-method> <!-- automate -->
        <test-method is-config="true" signature="getBrowser()[pri:0, instance:testcases.FullTest@a3d9978]" started-at="2023-03-02T16:28:31 BDT" name="getBrowser" finished-at="2023-03-02T16:28:32 BDT" duration-ms="263" status="PASS">
          <reporter-output>
          </reporter-output>
        </test-method> <!-- getBrowser -->
      </class> <!-- testcases.FullTest -->
    </test> <!-- Default test -->
  </suite> <!-- Default suite -->
</testng-results>
