<?xml version="1.0" encoding="UTF-8"?>
<testng-results ignored="0" total="1" passed="1" failed="0" skipped="0">
  <reporter-output>
  </reporter-output>
  <suite started-at="2023-02-27T05:18:49 BDT" name="Default suite" finished-at="2023-02-27T05:19:44 BDT" duration-ms="54870">
    <groups>
    </groups>
    <test started-at="2023-02-27T05:18:49 BDT" name="Default test" finished-at="2023-02-27T05:19:44 BDT" duration-ms="54870">
      <class name="testcases.FullTest">
        <test-method is-config="true" signature="setBrowser()[pri:0, instance:testcases.FullTest@61544ae6]" started-at="2023-02-27T05:18:47 BDT" name="setBrowser" finished-at="2023-02-27T05:18:49 BDT" duration-ms="2907" status="PASS">
          <reporter-output>
          </reporter-output>
        </test-method> <!-- setBrowser -->
        <test-method signature="automate()[pri:0, instance:testcases.FullTest@61544ae6]" started-at="2023-02-27T05:18:50 BDT" name="automate" finished-at="2023-02-27T05:19:44 BDT" duration-ms="54752" status="PASS">
          <reporter-output>
          </reporter-output>
        </test-method> <!-- automate -->
        <test-method is-config="true" signature="getBrowser()[pri:0, instance:testcases.FullTest@61544ae6]" started-at="2023-02-27T05:19:44 BDT" name="getBrowser" finished-at="2023-02-27T05:19:45 BDT" duration-ms="225" status="PASS">
          <reporter-output>
          </reporter-output>
        </test-method> <!-- getBrowser -->
      </class> <!-- testcases.FullTest -->
    </test> <!-- Default test -->
  </suite> <!-- Default suite -->
</testng-results>
